2018-06-19 12:26:15
-----------------------------
<xml><appid><![CDATA[wx2b8ec378bf9b09ac]]></appid>
<attach><![CDATA[1816932861]]></attach>
<bank_type><![CDATA[CFT]]></bank_type>
<cash_fee><![CDATA[10]]></cash_fee>
<fee_type><![CDATA[CNY]]></fee_type>
<is_subscribe><![CDATA[N]]></is_subscribe>
<mch_id><![CDATA[1494792202]]></mch_id>
<nonce_str><![CDATA[6763]]></nonce_str>
<openid><![CDATA[odzWh03_8pZY6ZR3ai0Ar5nyFiIQ]]></openid>
<out_trade_no><![CDATA[20180619122607241]]></out_trade_no>
<result_code><![CDATA[SUCCESS]]></result_code>
<return_code><![CDATA[SUCCESS]]></return_code>
<sign><![CDATA[57C9E578340E5F3D50B144C54234AEB8]]></sign>
<time_end><![CDATA[20180619122613]]></time_end>
<total_fee>10</total_fee>
<trade_type><![CDATA[JSAPI]]></trade_type>
<transaction_id><![CDATA[4200000157201806194029689003]]></transaction_id>
</xml>

2018-06-19 12:26:15 {Paid SUCCESS.}

