2018-06-13 12:03:52
-----------------------------
<xml><appid><![CDATA[wx2b8ec378bf9b09ac]]></appid>
<attach><![CDATA[1816347880]]></attach>
<bank_type><![CDATA[CFT]]></bank_type>
<cash_fee><![CDATA[10]]></cash_fee>
<fee_type><![CDATA[CNY]]></fee_type>
<is_subscribe><![CDATA[N]]></is_subscribe>
<mch_id><![CDATA[1494792202]]></mch_id>
<nonce_str><![CDATA[737]]></nonce_str>
<openid><![CDATA[odzWh0wtFBux68PB8nr7heX2glPs]]></openid>
<out_trade_no><![CDATA[201806131203324737]]></out_trade_no>
<result_code><![CDATA[SUCCESS]]></result_code>
<return_code><![CDATA[SUCCESS]]></return_code>
<sign><![CDATA[C564738853E5A5DC4818CC6A68014597]]></sign>
<time_end><![CDATA[20180613120351]]></time_end>
<total_fee>10</total_fee>
<trade_type><![CDATA[JSAPI]]></trade_type>
<transaction_id><![CDATA[4200000144201806130244577217]]></transaction_id>
</xml>

2018-06-13 12:03:52 {Paid SUCCESS.}

2018-06-13 17:50:05
-----------------------------
<xml><appid><![CDATA[wx2b8ec378bf9b09ac]]></appid>
<attach><![CDATA[1816300163]]></attach>
<bank_type><![CDATA[CFT]]></bank_type>
<cash_fee><![CDATA[10]]></cash_fee>
<fee_type><![CDATA[CNY]]></fee_type>
<is_subscribe><![CDATA[N]]></is_subscribe>
<mch_id><![CDATA[1494792202]]></mch_id>
<nonce_str><![CDATA[7899]]></nonce_str>
<openid><![CDATA[odzWh08jSxWB2kuHSydHyDAxnrtY]]></openid>
<out_trade_no><![CDATA[201806131749544150]]></out_trade_no>
<result_code><![CDATA[SUCCESS]]></result_code>
<return_code><![CDATA[SUCCESS]]></return_code>
<sign><![CDATA[44F8148B34631B3B9AA2EB4C7F1E53AB]]></sign>
<time_end><![CDATA[20180613175004]]></time_end>
<total_fee>10</total_fee>
<trade_type><![CDATA[JSAPI]]></trade_type>
<transaction_id><![CDATA[4200000158201806135750208244]]></transaction_id>
</xml>

2018-06-13 17:50:05 {Paid SUCCESS.}

2018-06-13 19:33:06
-----------------------------
<xml><appid><![CDATA[wx2b8ec378bf9b09ac]]></appid>
<attach><![CDATA[1816303247]]></attach>
<bank_type><![CDATA[CFT]]></bank_type>
<cash_fee><![CDATA[10]]></cash_fee>
<fee_type><![CDATA[CNY]]></fee_type>
<is_subscribe><![CDATA[N]]></is_subscribe>
<mch_id><![CDATA[1494792202]]></mch_id>
<nonce_str><![CDATA[1927]]></nonce_str>
<openid><![CDATA[odzWh09vZ2oujbRJ62rsLW07YjmU]]></openid>
<out_trade_no><![CDATA[201806131932584892]]></out_trade_no>
<result_code><![CDATA[SUCCESS]]></result_code>
<return_code><![CDATA[SUCCESS]]></return_code>
<sign><![CDATA[D9A9FFE5561B59AD8982D4817ED729DC]]></sign>
<time_end><![CDATA[20180613193305]]></time_end>
<total_fee>10</total_fee>
<trade_type><![CDATA[JSAPI]]></trade_type>
<transaction_id><![CDATA[4200000152201806133664561014]]></transaction_id>
</xml>

2018-06-13 19:33:06 {Paid SUCCESS.}

2018-06-13 20:08:17
-----------------------------
<xml><appid><![CDATA[wx2b8ec378bf9b09ac]]></appid>
<attach><![CDATA[1816330709]]></attach>
<bank_type><![CDATA[CFT]]></bank_type>
<cash_fee><![CDATA[10]]></cash_fee>
<fee_type><![CDATA[CNY]]></fee_type>
<is_subscribe><![CDATA[N]]></is_subscribe>
<mch_id><![CDATA[1494792202]]></mch_id>
<nonce_str><![CDATA[405]]></nonce_str>
<openid><![CDATA[odzWh07M0zl4jy9AYlWdK-R_qrZU]]></openid>
<out_trade_no><![CDATA[201806132008086163]]></out_trade_no>
<result_code><![CDATA[SUCCESS]]></result_code>
<return_code><![CDATA[SUCCESS]]></return_code>
<sign><![CDATA[6593D7068A60FE89E8081EF43C008119]]></sign>
<time_end><![CDATA[20180613200817]]></time_end>
<total_fee>10</total_fee>
<trade_type><![CDATA[JSAPI]]></trade_type>
<transaction_id><![CDATA[4200000158201806131015253696]]></transaction_id>
</xml>

2018-06-13 20:08:17 {Paid SUCCESS.}

2018-06-13 20:25:43
-----------------------------
<xml><appid><![CDATA[wx2b8ec378bf9b09ac]]></appid>
<attach><![CDATA[1816305497]]></attach>
<bank_type><![CDATA[ICBC_DEBIT]]></bank_type>
<cash_fee><![CDATA[990]]></cash_fee>
<fee_type><![CDATA[CNY]]></fee_type>
<is_subscribe><![CDATA[N]]></is_subscribe>
<mch_id><![CDATA[1494792202]]></mch_id>
<nonce_str><![CDATA[7354]]></nonce_str>
<openid><![CDATA[odzWh07M0zl4jy9AYlWdK-R_qrZU]]></openid>
<out_trade_no><![CDATA[201806132025359205]]></out_trade_no>
<result_code><![CDATA[SUCCESS]]></result_code>
<return_code><![CDATA[SUCCESS]]></return_code>
<sign><![CDATA[53CB8B7408F200C577DA5920CEBD6090]]></sign>
<time_end><![CDATA[20180613202542]]></time_end>
<total_fee>990</total_fee>
<trade_type><![CDATA[JSAPI]]></trade_type>
<transaction_id><![CDATA[4200000141201806134312218463]]></transaction_id>
</xml>

2018-06-13 20:25:43 {Paid SUCCESS.}

2018-06-13 23:38:36
-----------------------------
<xml><appid><![CDATA[wx2b8ec378bf9b09ac]]></appid>
<attach><![CDATA[1816336413]]></attach>
<bank_type><![CDATA[CFT]]></bank_type>
<cash_fee><![CDATA[10]]></cash_fee>
<fee_type><![CDATA[CNY]]></fee_type>
<is_subscribe><![CDATA[N]]></is_subscribe>
<mch_id><![CDATA[1494792202]]></mch_id>
<nonce_str><![CDATA[3089]]></nonce_str>
<openid><![CDATA[odzWh0xL74NcA4ciPs36RNg49YKM]]></openid>
<out_trade_no><![CDATA[201806132338248594]]></out_trade_no>
<result_code><![CDATA[SUCCESS]]></result_code>
<return_code><![CDATA[SUCCESS]]></return_code>
<sign><![CDATA[60FC8009DB80766C7F3E1AD03BEFAB52]]></sign>
<time_end><![CDATA[20180613233834]]></time_end>
<total_fee>10</total_fee>
<trade_type><![CDATA[JSAPI]]></trade_type>
<transaction_id><![CDATA[4200000157201806136793450205]]></transaction_id>
</xml>

2018-06-13 23:38:36 {Paid SUCCESS.}

