2018-06-17 01:59:51
-----------------------------
<xml><appid><![CDATA[wx2b8ec378bf9b09ac]]></appid>
<attach><![CDATA[1816727963]]></attach>
<bank_type><![CDATA[CFT]]></bank_type>
<cash_fee><![CDATA[10]]></cash_fee>
<fee_type><![CDATA[CNY]]></fee_type>
<is_subscribe><![CDATA[N]]></is_subscribe>
<mch_id><![CDATA[1494792202]]></mch_id>
<nonce_str><![CDATA[2832]]></nonce_str>
<openid><![CDATA[odzWh004B0ByI__dK_KfmR4QvmBM]]></openid>
<out_trade_no><![CDATA[201806170159356911]]></out_trade_no>
<result_code><![CDATA[SUCCESS]]></result_code>
<return_code><![CDATA[SUCCESS]]></return_code>
<sign><![CDATA[2832905C014D0CDCE428AB9D48345BEB]]></sign>
<time_end><![CDATA[20180617015950]]></time_end>
<total_fee>10</total_fee>
<trade_type><![CDATA[JSAPI]]></trade_type>
<transaction_id><![CDATA[4200000154201806175529111853]]></transaction_id>
</xml>

2018-06-17 01:59:51 {Paid SUCCESS.}

2018-06-17 11:27:10
-----------------------------
<xml><appid><![CDATA[wx2b8ec378bf9b09ac]]></appid>
<attach><![CDATA[1816755743]]></attach>
<bank_type><![CDATA[CFT]]></bank_type>
<cash_fee><![CDATA[10]]></cash_fee>
<fee_type><![CDATA[CNY]]></fee_type>
<is_subscribe><![CDATA[N]]></is_subscribe>
<mch_id><![CDATA[1494792202]]></mch_id>
<nonce_str><![CDATA[7647]]></nonce_str>
<openid><![CDATA[odzWh01x_QjWS3PRMWENepJ-4qH8]]></openid>
<out_trade_no><![CDATA[201806171127011756]]></out_trade_no>
<result_code><![CDATA[SUCCESS]]></result_code>
<return_code><![CDATA[SUCCESS]]></return_code>
<sign><![CDATA[AF78B54EC9FC769FF82693D0A59DC3A0]]></sign>
<time_end><![CDATA[20180617112709]]></time_end>
<total_fee>10</total_fee>
<trade_type><![CDATA[JSAPI]]></trade_type>
<transaction_id><![CDATA[4200000155201806171996500725]]></transaction_id>
</xml>

2018-06-17 11:27:10 {Paid SUCCESS.}

2018-06-17 13:41:48
-----------------------------
<xml><appid><![CDATA[wx2b8ec378bf9b09ac]]></appid>
<attach><![CDATA[1816747067]]></attach>
<bank_type><![CDATA[CFT]]></bank_type>
<cash_fee><![CDATA[10]]></cash_fee>
<fee_type><![CDATA[CNY]]></fee_type>
<is_subscribe><![CDATA[N]]></is_subscribe>
<mch_id><![CDATA[1494792202]]></mch_id>
<nonce_str><![CDATA[8251]]></nonce_str>
<openid><![CDATA[odzWh0-VJzN8opNodCoZDTuS2KvM]]></openid>
<out_trade_no><![CDATA[20180617134141557]]></out_trade_no>
<result_code><![CDATA[SUCCESS]]></result_code>
<return_code><![CDATA[SUCCESS]]></return_code>
<sign><![CDATA[AA5EB7988C69563C7CABFCA036DAF2A2]]></sign>
<time_end><![CDATA[20180617134147]]></time_end>
<total_fee>10</total_fee>
<trade_type><![CDATA[JSAPI]]></trade_type>
<transaction_id><![CDATA[4200000152201806178336945867]]></transaction_id>
</xml>

2018-06-17 13:41:48 {Paid SUCCESS.}

2018-06-17 13:51:18
-----------------------------
<xml><appid><![CDATA[wx2b8ec378bf9b09ac]]></appid>
<attach><![CDATA[1816785732]]></attach>
<bank_type><![CDATA[CFT]]></bank_type>
<cash_fee><![CDATA[10]]></cash_fee>
<fee_type><![CDATA[CNY]]></fee_type>
<is_subscribe><![CDATA[N]]></is_subscribe>
<mch_id><![CDATA[1494792202]]></mch_id>
<nonce_str><![CDATA[4436]]></nonce_str>
<openid><![CDATA[odzWh00aIvN-Qv4svZR-ixZNLLZk]]></openid>
<out_trade_no><![CDATA[201806171351061103]]></out_trade_no>
<result_code><![CDATA[SUCCESS]]></result_code>
<return_code><![CDATA[SUCCESS]]></return_code>
<sign><![CDATA[A76F73C4189E2337385C9BF8BD1B77E3]]></sign>
<time_end><![CDATA[20180617135117]]></time_end>
<total_fee>10</total_fee>
<trade_type><![CDATA[JSAPI]]></trade_type>
<transaction_id><![CDATA[4200000141201806175789274997]]></transaction_id>
</xml>

2018-06-17 13:51:18 {Paid SUCCESS.}

2018-06-17 14:06:26
-----------------------------
<xml><appid><![CDATA[wx2b8ec378bf9b09ac]]></appid>
<attach><![CDATA[1816705382]]></attach>
<bank_type><![CDATA[PSBC_DEBIT]]></bank_type>
<cash_fee><![CDATA[10]]></cash_fee>
<fee_type><![CDATA[CNY]]></fee_type>
<is_subscribe><![CDATA[N]]></is_subscribe>
<mch_id><![CDATA[1494792202]]></mch_id>
<nonce_str><![CDATA[3310]]></nonce_str>
<openid><![CDATA[odzWh0-7BKf57s41S5M2dTVez_rk]]></openid>
<out_trade_no><![CDATA[201806171406173630]]></out_trade_no>
<result_code><![CDATA[SUCCESS]]></result_code>
<return_code><![CDATA[SUCCESS]]></return_code>
<sign><![CDATA[54BC37250AA80DABDD36D1301BF648DC]]></sign>
<time_end><![CDATA[20180617140625]]></time_end>
<total_fee>10</total_fee>
<trade_type><![CDATA[JSAPI]]></trade_type>
<transaction_id><![CDATA[4200000148201806175818267892]]></transaction_id>
</xml>

2018-06-17 14:06:26 {Paid SUCCESS.}

2018-06-17 15:05:54
-----------------------------
<xml><appid><![CDATA[wx2b8ec378bf9b09ac]]></appid>
<attach><![CDATA[1816782074]]></attach>
<bank_type><![CDATA[CFT]]></bank_type>
<cash_fee><![CDATA[10]]></cash_fee>
<fee_type><![CDATA[CNY]]></fee_type>
<is_subscribe><![CDATA[N]]></is_subscribe>
<mch_id><![CDATA[1494792202]]></mch_id>
<nonce_str><![CDATA[6695]]></nonce_str>
<openid><![CDATA[odzWh07rEvgPtkwizGNG_5iJwkyA]]></openid>
<out_trade_no><![CDATA[201806171505442243]]></out_trade_no>
<result_code><![CDATA[SUCCESS]]></result_code>
<return_code><![CDATA[SUCCESS]]></return_code>
<sign><![CDATA[93CBB8BD58E55A9F7BF2F69B5C176279]]></sign>
<time_end><![CDATA[20180617150553]]></time_end>
<total_fee>10</total_fee>
<trade_type><![CDATA[JSAPI]]></trade_type>
<transaction_id><![CDATA[4200000145201806175645518070]]></transaction_id>
</xml>

2018-06-17 15:05:54 {Paid SUCCESS.}

2018-06-17 20:14:12
-----------------------------
<xml><appid><![CDATA[wx2b8ec378bf9b09ac]]></appid>
<attach><![CDATA[1816704642]]></attach>
<bank_type><![CDATA[CFT]]></bank_type>
<cash_fee><![CDATA[10]]></cash_fee>
<fee_type><![CDATA[CNY]]></fee_type>
<is_subscribe><![CDATA[N]]></is_subscribe>
<mch_id><![CDATA[1494792202]]></mch_id>
<nonce_str><![CDATA[7034]]></nonce_str>
<openid><![CDATA[odzWh0_cvNFT85M1qRpAU7u_ukvU]]></openid>
<out_trade_no><![CDATA[20180617201402221]]></out_trade_no>
<result_code><![CDATA[SUCCESS]]></result_code>
<return_code><![CDATA[SUCCESS]]></return_code>
<sign><![CDATA[D9657AF424CE0189E199862F05E77691]]></sign>
<time_end><![CDATA[20180617201411]]></time_end>
<total_fee>10</total_fee>
<trade_type><![CDATA[JSAPI]]></trade_type>
<transaction_id><![CDATA[4200000144201806173194898023]]></transaction_id>
</xml>

2018-06-17 20:14:12 {Paid SUCCESS.}

2018-06-17 22:01:27
-----------------------------
<xml><appid><![CDATA[wx2b8ec378bf9b09ac]]></appid>
<attach><![CDATA[1816702802]]></attach>
<bank_type><![CDATA[CFT]]></bank_type>
<cash_fee><![CDATA[10]]></cash_fee>
<fee_type><![CDATA[CNY]]></fee_type>
<is_subscribe><![CDATA[N]]></is_subscribe>
<mch_id><![CDATA[1494792202]]></mch_id>
<nonce_str><![CDATA[3002]]></nonce_str>
<openid><![CDATA[odzWh04_FoxFfU0ugt3gLG8SDtzw]]></openid>
<out_trade_no><![CDATA[201806172201164709]]></out_trade_no>
<result_code><![CDATA[SUCCESS]]></result_code>
<return_code><![CDATA[SUCCESS]]></return_code>
<sign><![CDATA[292FFF8DF47323786FC1DC9F3D51F716]]></sign>
<time_end><![CDATA[20180617220127]]></time_end>
<total_fee>10</total_fee>
<trade_type><![CDATA[JSAPI]]></trade_type>
<transaction_id><![CDATA[4200000154201806173329230075]]></transaction_id>
</xml>

2018-06-17 22:01:27 {Paid SUCCESS.}

2018-06-17 22:31:20
-----------------------------
<xml><appid><![CDATA[wx2b8ec378bf9b09ac]]></appid>
<attach><![CDATA[1816795332]]></attach>
<bank_type><![CDATA[CFT]]></bank_type>
<cash_fee><![CDATA[990]]></cash_fee>
<fee_type><![CDATA[CNY]]></fee_type>
<is_subscribe><![CDATA[N]]></is_subscribe>
<mch_id><![CDATA[1494792202]]></mch_id>
<nonce_str><![CDATA[5984]]></nonce_str>
<openid><![CDATA[odzWh04_FoxFfU0ugt3gLG8SDtzw]]></openid>
<out_trade_no><![CDATA[201806172231104960]]></out_trade_no>
<result_code><![CDATA[SUCCESS]]></result_code>
<return_code><![CDATA[SUCCESS]]></return_code>
<sign><![CDATA[256170BA8F297055C76249F8E2444827]]></sign>
<time_end><![CDATA[20180617223119]]></time_end>
<total_fee>990</total_fee>
<trade_type><![CDATA[JSAPI]]></trade_type>
<transaction_id><![CDATA[4200000143201806171116968643]]></transaction_id>
</xml>

2018-06-17 22:31:20 {Paid SUCCESS.}

