2018-06-18 01:34:46
-----------------------------
<xml><appid><![CDATA[wx2b8ec378bf9b09ac]]></appid>
<attach><![CDATA[1816836777]]></attach>
<bank_type><![CDATA[CFT]]></bank_type>
<cash_fee><![CDATA[10]]></cash_fee>
<fee_type><![CDATA[CNY]]></fee_type>
<is_subscribe><![CDATA[N]]></is_subscribe>
<mch_id><![CDATA[1494792202]]></mch_id>
<nonce_str><![CDATA[2752]]></nonce_str>
<openid><![CDATA[odzWh08-7IY56aq2B8hVotkAZb1o]]></openid>
<out_trade_no><![CDATA[201806180134369024]]></out_trade_no>
<result_code><![CDATA[SUCCESS]]></result_code>
<return_code><![CDATA[SUCCESS]]></return_code>
<sign><![CDATA[47CAE1E2879D2C7D135DA2B4F9287FF0]]></sign>
<time_end><![CDATA[20180618013445]]></time_end>
<total_fee>10</total_fee>
<trade_type><![CDATA[JSAPI]]></trade_type>
<transaction_id><![CDATA[4200000146201806184620141592]]></transaction_id>
</xml>

2018-06-18 01:34:46 {Paid SUCCESS.}

2018-06-18 01:50:07
-----------------------------
<xml><appid><![CDATA[wx2b8ec378bf9b09ac]]></appid>
<attach><![CDATA[1816863945]]></attach>
<bank_type><![CDATA[CFT]]></bank_type>
<cash_fee><![CDATA[677]]></cash_fee>
<coupon_count><![CDATA[1]]></coupon_count>
<coupon_fee>13</coupon_fee>
<coupon_fee_0><![CDATA[13]]></coupon_fee_0>
<coupon_id_0><![CDATA[2000000035471797021]]></coupon_id_0>
<fee_type><![CDATA[CNY]]></fee_type>
<is_subscribe><![CDATA[N]]></is_subscribe>
<mch_id><![CDATA[1494792202]]></mch_id>
<nonce_str><![CDATA[1003]]></nonce_str>
<openid><![CDATA[odzWh08-7IY56aq2B8hVotkAZb1o]]></openid>
<out_trade_no><![CDATA[201806180149582386]]></out_trade_no>
<result_code><![CDATA[SUCCESS]]></result_code>
<return_code><![CDATA[SUCCESS]]></return_code>
<sign><![CDATA[EE6981339EB53C93B9FF84C74EB7753F]]></sign>
<time_end><![CDATA[20180618015006]]></time_end>
<total_fee>690</total_fee>
<trade_type><![CDATA[JSAPI]]></trade_type>
<transaction_id><![CDATA[4200000147201806183648978669]]></transaction_id>
</xml>

2018-06-18 01:50:07 {Paid SUCCESS.}

2018-06-18 09:27:57
-----------------------------
<xml><appid><![CDATA[wx2b8ec378bf9b09ac]]></appid>
<attach><![CDATA[1816863612]]></attach>
<bank_type><![CDATA[CFT]]></bank_type>
<cash_fee><![CDATA[10]]></cash_fee>
<fee_type><![CDATA[CNY]]></fee_type>
<is_subscribe><![CDATA[N]]></is_subscribe>
<mch_id><![CDATA[1494792202]]></mch_id>
<nonce_str><![CDATA[1830]]></nonce_str>
<openid><![CDATA[odzWh0wnFkRQtCMmJ56yTiSXbM8k]]></openid>
<out_trade_no><![CDATA[20180618092745911]]></out_trade_no>
<result_code><![CDATA[SUCCESS]]></result_code>
<return_code><![CDATA[SUCCESS]]></return_code>
<sign><![CDATA[A648962438DE89AC169C38C1850FEBBD]]></sign>
<time_end><![CDATA[20180618092756]]></time_end>
<total_fee>10</total_fee>
<trade_type><![CDATA[JSAPI]]></trade_type>
<transaction_id><![CDATA[4200000142201806188688282801]]></transaction_id>
</xml>

2018-06-18 09:27:57 {Paid SUCCESS.}

2018-06-18 11:04:40
-----------------------------
<xml><appid><![CDATA[wx2b8ec378bf9b09ac]]></appid>
<attach><![CDATA[1816846215]]></attach>
<bank_type><![CDATA[CFT]]></bank_type>
<cash_fee><![CDATA[10]]></cash_fee>
<fee_type><![CDATA[CNY]]></fee_type>
<is_subscribe><![CDATA[N]]></is_subscribe>
<mch_id><![CDATA[1494792202]]></mch_id>
<nonce_str><![CDATA[2746]]></nonce_str>
<openid><![CDATA[odzWh082beJhifLvI0nBJRML-Agk]]></openid>
<out_trade_no><![CDATA[20180618110431752]]></out_trade_no>
<result_code><![CDATA[SUCCESS]]></result_code>
<return_code><![CDATA[SUCCESS]]></return_code>
<sign><![CDATA[06FAA27EA01C1FF4D61A73309E6D97FC]]></sign>
<time_end><![CDATA[20180618110439]]></time_end>
<total_fee>10</total_fee>
<trade_type><![CDATA[JSAPI]]></trade_type>
<transaction_id><![CDATA[4200000145201806189357942320]]></transaction_id>
</xml>

2018-06-18 11:04:40 {Paid SUCCESS.}

2018-06-18 14:00:43
-----------------------------
<xml><appid><![CDATA[wx2b8ec378bf9b09ac]]></appid>
<attach><![CDATA[1816865671]]></attach>
<bank_type><![CDATA[CFT]]></bank_type>
<cash_fee><![CDATA[10]]></cash_fee>
<fee_type><![CDATA[CNY]]></fee_type>
<is_subscribe><![CDATA[N]]></is_subscribe>
<mch_id><![CDATA[1494792202]]></mch_id>
<nonce_str><![CDATA[3377]]></nonce_str>
<openid><![CDATA[odzWh04_hvYq1hivwxq22Q1hrhho]]></openid>
<out_trade_no><![CDATA[201806181400317949]]></out_trade_no>
<result_code><![CDATA[SUCCESS]]></result_code>
<return_code><![CDATA[SUCCESS]]></return_code>
<sign><![CDATA[D0AE532F02BCB06DBE3A9F09E00F75E5]]></sign>
<time_end><![CDATA[20180618140042]]></time_end>
<total_fee>10</total_fee>
<trade_type><![CDATA[JSAPI]]></trade_type>
<transaction_id><![CDATA[4200000155201806184719617075]]></transaction_id>
</xml>

2018-06-18 14:00:43 {Paid SUCCESS.}

2018-06-18 14:36:37
-----------------------------
<xml><appid><![CDATA[wx2b8ec378bf9b09ac]]></appid>
<attach><![CDATA[1816897377]]></attach>
<bank_type><![CDATA[CFT]]></bank_type>
<cash_fee><![CDATA[10]]></cash_fee>
<fee_type><![CDATA[CNY]]></fee_type>
<is_subscribe><![CDATA[N]]></is_subscribe>
<mch_id><![CDATA[1494792202]]></mch_id>
<nonce_str><![CDATA[3999]]></nonce_str>
<openid><![CDATA[odzWh09FKhqd0Zqq8kZ2Cm7T0uuc]]></openid>
<out_trade_no><![CDATA[201806181436277164]]></out_trade_no>
<result_code><![CDATA[SUCCESS]]></result_code>
<return_code><![CDATA[SUCCESS]]></return_code>
<sign><![CDATA[37E20FB80E03991D83A2604B3620DE23]]></sign>
<time_end><![CDATA[20180618143637]]></time_end>
<total_fee>10</total_fee>
<trade_type><![CDATA[JSAPI]]></trade_type>
<transaction_id><![CDATA[4200000150201806181522341687]]></transaction_id>
</xml>

2018-06-18 14:36:37 {Paid SUCCESS.}

2018-06-18 15:13:38
-----------------------------
<xml><appid><![CDATA[wx2b8ec378bf9b09ac]]></appid>
<attach><![CDATA[1816850820]]></attach>
<bank_type><![CDATA[CCB_DEBIT]]></bank_type>
<cash_fee><![CDATA[10]]></cash_fee>
<fee_type><![CDATA[CNY]]></fee_type>
<is_subscribe><![CDATA[N]]></is_subscribe>
<mch_id><![CDATA[1494792202]]></mch_id>
<nonce_str><![CDATA[3413]]></nonce_str>
<openid><![CDATA[odzWh016nv2GlDNbbshXNn2KSYI4]]></openid>
<out_trade_no><![CDATA[201806181513273661]]></out_trade_no>
<result_code><![CDATA[SUCCESS]]></result_code>
<return_code><![CDATA[SUCCESS]]></return_code>
<sign><![CDATA[9C162A2845E2C2A5EDF1691F91ED3B30]]></sign>
<time_end><![CDATA[20180618151337]]></time_end>
<total_fee>10</total_fee>
<trade_type><![CDATA[JSAPI]]></trade_type>
<transaction_id><![CDATA[4200000145201806184508415333]]></transaction_id>
</xml>

2018-06-18 15:13:38 {Paid SUCCESS.}

