2018-06-11 00:51:03
-----------------------------
<xml><appid><![CDATA[wx2b8ec378bf9b09ac]]></appid>
<attach><![CDATA[1816107057]]></attach>
<bank_type><![CDATA[CMB_CREDIT]]></bank_type>
<cash_fee><![CDATA[990]]></cash_fee>
<fee_type><![CDATA[CNY]]></fee_type>
<is_subscribe><![CDATA[N]]></is_subscribe>
<mch_id><![CDATA[1494792202]]></mch_id>
<nonce_str><![CDATA[8838]]></nonce_str>
<openid><![CDATA[odzWh0_o_ZdVnAqSAv6cSCTXC_dc]]></openid>
<out_trade_no><![CDATA[201806110050424072]]></out_trade_no>
<result_code><![CDATA[SUCCESS]]></result_code>
<return_code><![CDATA[SUCCESS]]></return_code>
<sign><![CDATA[DA138C8E724DB8CDBB8A8FC9C7274B6D]]></sign>
<time_end><![CDATA[20180611005102]]></time_end>
<total_fee>990</total_fee>
<trade_type><![CDATA[JSAPI]]></trade_type>
<transaction_id><![CDATA[4200000149201806115959851539]]></transaction_id>
</xml>

2018-06-11 00:51:03 {Paid SUCCESS.}

2018-06-11 13:51:51
-----------------------------
<xml><appid><![CDATA[wx2b8ec378bf9b09ac]]></appid>
<attach><![CDATA[1816152558]]></attach>
<bank_type><![CDATA[CFT]]></bank_type>
<cash_fee><![CDATA[10]]></cash_fee>
<fee_type><![CDATA[CNY]]></fee_type>
<is_subscribe><![CDATA[N]]></is_subscribe>
<mch_id><![CDATA[1494792202]]></mch_id>
<nonce_str><![CDATA[3436]]></nonce_str>
<openid><![CDATA[odzWh0yGvcirBXA6z99qXX3BHWWY]]></openid>
<out_trade_no><![CDATA[201806111351436695]]></out_trade_no>
<result_code><![CDATA[SUCCESS]]></result_code>
<return_code><![CDATA[SUCCESS]]></return_code>
<sign><![CDATA[1F88AB590150ED423FE7E04A8276FE83]]></sign>
<time_end><![CDATA[20180611135150]]></time_end>
<total_fee>10</total_fee>
<trade_type><![CDATA[JSAPI]]></trade_type>
<transaction_id><![CDATA[4200000142201806115394599305]]></transaction_id>
</xml>

2018-06-11 13:51:51 {Paid SUCCESS.}

2018-06-11 14:46:26
-----------------------------
<xml><appid><![CDATA[wx2b8ec378bf9b09ac]]></appid>
<attach><![CDATA[1816196620]]></attach>
<bank_type><![CDATA[CFT]]></bank_type>
<cash_fee><![CDATA[10]]></cash_fee>
<fee_type><![CDATA[CNY]]></fee_type>
<is_subscribe><![CDATA[N]]></is_subscribe>
<mch_id><![CDATA[1494792202]]></mch_id>
<nonce_str><![CDATA[2762]]></nonce_str>
<openid><![CDATA[odzWh08l-h2LltveSgHs0UrBXjf4]]></openid>
<out_trade_no><![CDATA[201806111446172290]]></out_trade_no>
<result_code><![CDATA[SUCCESS]]></result_code>
<return_code><![CDATA[SUCCESS]]></return_code>
<sign><![CDATA[5FA56DA2C268A169489AFF19DA00B88E]]></sign>
<time_end><![CDATA[20180611144625]]></time_end>
<total_fee>10</total_fee>
<trade_type><![CDATA[JSAPI]]></trade_type>
<transaction_id><![CDATA[4200000141201806114639492554]]></transaction_id>
</xml>

2018-06-11 14:46:26 {Paid SUCCESS.}

2018-06-11 14:48:18
-----------------------------
<xml><appid><![CDATA[wx2b8ec378bf9b09ac]]></appid>
<attach><![CDATA[1816108214]]></attach>
<bank_type><![CDATA[CFT]]></bank_type>
<cash_fee><![CDATA[1990]]></cash_fee>
<fee_type><![CDATA[CNY]]></fee_type>
<is_subscribe><![CDATA[N]]></is_subscribe>
<mch_id><![CDATA[1494792202]]></mch_id>
<nonce_str><![CDATA[7399]]></nonce_str>
<openid><![CDATA[odzWh08l-h2LltveSgHs0UrBXjf4]]></openid>
<out_trade_no><![CDATA[201806111448119528]]></out_trade_no>
<result_code><![CDATA[SUCCESS]]></result_code>
<return_code><![CDATA[SUCCESS]]></return_code>
<sign><![CDATA[403F7F4E04ED0FDC673103B66E10E3E7]]></sign>
<time_end><![CDATA[20180611144817]]></time_end>
<total_fee>1990</total_fee>
<trade_type><![CDATA[JSAPI]]></trade_type>
<transaction_id><![CDATA[4200000141201806112872177060]]></transaction_id>
</xml>

2018-06-11 14:48:18 {Paid SUCCESS.}

2018-06-11 14:48:56
-----------------------------
<xml><appid><![CDATA[wx2b8ec378bf9b09ac]]></appid>
<attach><![CDATA[1816121680]]></attach>
<bank_type><![CDATA[CFT]]></bank_type>
<cash_fee><![CDATA[1990]]></cash_fee>
<fee_type><![CDATA[CNY]]></fee_type>
<is_subscribe><![CDATA[N]]></is_subscribe>
<mch_id><![CDATA[1494792202]]></mch_id>
<nonce_str><![CDATA[2098]]></nonce_str>
<openid><![CDATA[odzWh08l-h2LltveSgHs0UrBXjf4]]></openid>
<out_trade_no><![CDATA[201806111448386009]]></out_trade_no>
<result_code><![CDATA[SUCCESS]]></result_code>
<return_code><![CDATA[SUCCESS]]></return_code>
<sign><![CDATA[D31BFA990380F5F1893C606A5225EF47]]></sign>
<time_end><![CDATA[20180611144855]]></time_end>
<total_fee>1990</total_fee>
<trade_type><![CDATA[JSAPI]]></trade_type>
<transaction_id><![CDATA[4200000155201806118165780196]]></transaction_id>
</xml>

2018-06-11 14:48:56 {Paid SUCCESS.}

2018-06-11 15:12:47
-----------------------------
<xml><appid><![CDATA[wx2b8ec378bf9b09ac]]></appid>
<attach><![CDATA[1816199862]]></attach>
<bank_type><![CDATA[CFT]]></bank_type>
<cash_fee><![CDATA[10]]></cash_fee>
<fee_type><![CDATA[CNY]]></fee_type>
<is_subscribe><![CDATA[N]]></is_subscribe>
<mch_id><![CDATA[1494792202]]></mch_id>
<nonce_str><![CDATA[9488]]></nonce_str>
<openid><![CDATA[odzWh05xS5_Pg-FNqv2BM5C6JK7o]]></openid>
<out_trade_no><![CDATA[201806111512382416]]></out_trade_no>
<result_code><![CDATA[SUCCESS]]></result_code>
<return_code><![CDATA[SUCCESS]]></return_code>
<sign><![CDATA[8C37755884D9ED442E85C7F12C07B8A1]]></sign>
<time_end><![CDATA[20180611151246]]></time_end>
<total_fee>10</total_fee>
<trade_type><![CDATA[JSAPI]]></trade_type>
<transaction_id><![CDATA[4200000142201806111940581519]]></transaction_id>
</xml>

2018-06-11 15:12:47 {Paid SUCCESS.}

2018-06-11 17:09:33
-----------------------------
<xml><appid><![CDATA[wx2b8ec378bf9b09ac]]></appid>
<attach><![CDATA[1816155817]]></attach>
<bank_type><![CDATA[CFT]]></bank_type>
<cash_fee><![CDATA[10]]></cash_fee>
<fee_type><![CDATA[CNY]]></fee_type>
<is_subscribe><![CDATA[Y]]></is_subscribe>
<mch_id><![CDATA[1494792202]]></mch_id>
<nonce_str><![CDATA[4519]]></nonce_str>
<openid><![CDATA[odzWh06rDNc2WKsmJil4hAgS2lD8]]></openid>
<out_trade_no><![CDATA[201806111709156055]]></out_trade_no>
<result_code><![CDATA[SUCCESS]]></result_code>
<return_code><![CDATA[SUCCESS]]></return_code>
<sign><![CDATA[DED455E248F086514F56F66FD94C6633]]></sign>
<time_end><![CDATA[20180611170932]]></time_end>
<total_fee>10</total_fee>
<trade_type><![CDATA[JSAPI]]></trade_type>
<transaction_id><![CDATA[4200000153201806117689825508]]></transaction_id>
</xml>

2018-06-11 17:09:33 {Paid SUCCESS.}

2018-06-11 23:18:26
-----------------------------
<xml><appid><![CDATA[wx2b8ec378bf9b09ac]]></appid>
<attach><![CDATA[1816167446]]></attach>
<bank_type><![CDATA[CFT]]></bank_type>
<cash_fee><![CDATA[10]]></cash_fee>
<fee_type><![CDATA[CNY]]></fee_type>
<is_subscribe><![CDATA[N]]></is_subscribe>
<mch_id><![CDATA[1494792202]]></mch_id>
<nonce_str><![CDATA[9003]]></nonce_str>
<openid><![CDATA[odzWh0ybLcI9lEMaNiWDsq-rDwIE]]></openid>
<out_trade_no><![CDATA[201806112318184746]]></out_trade_no>
<result_code><![CDATA[SUCCESS]]></result_code>
<return_code><![CDATA[SUCCESS]]></return_code>
<sign><![CDATA[0CF95172C84EE04F178EDD903704F49D]]></sign>
<time_end><![CDATA[20180611231825]]></time_end>
<total_fee>10</total_fee>
<trade_type><![CDATA[JSAPI]]></trade_type>
<transaction_id><![CDATA[4200000155201806111445250753]]></transaction_id>
</xml>

2018-06-11 23:18:26 {Paid SUCCESS.}

