2018-06-08 01:29:41
-----------------------------
<xml><appid><![CDATA[wx2b8ec378bf9b09ac]]></appid>
<attach><![CDATA[1815873253]]></attach>
<bank_type><![CDATA[CFT]]></bank_type>
<cash_fee><![CDATA[10]]></cash_fee>
<fee_type><![CDATA[CNY]]></fee_type>
<is_subscribe><![CDATA[N]]></is_subscribe>
<mch_id><![CDATA[1494792202]]></mch_id>
<nonce_str><![CDATA[598]]></nonce_str>
<openid><![CDATA[odzWh03Z5FU9qFiYsFjuc0wYOtKs]]></openid>
<out_trade_no><![CDATA[201806080129313872]]></out_trade_no>
<result_code><![CDATA[SUCCESS]]></result_code>
<return_code><![CDATA[SUCCESS]]></return_code>
<sign><![CDATA[254EBEC7BA25144931DB2AF0FA3CAFD6]]></sign>
<time_end><![CDATA[20180608012940]]></time_end>
<total_fee>10</total_fee>
<trade_type><![CDATA[JSAPI]]></trade_type>
<transaction_id><![CDATA[4200000154201806085165085925]]></transaction_id>
</xml>

2018-06-08 01:29:41 {Paid SUCCESS.}

2018-06-08 17:59:36
-----------------------------
<xml><appid><![CDATA[wx2b8ec378bf9b09ac]]></appid>
<attach><![CDATA[1815862987]]></attach>
<bank_type><![CDATA[CFT]]></bank_type>
<cash_fee><![CDATA[10]]></cash_fee>
<fee_type><![CDATA[CNY]]></fee_type>
<is_subscribe><![CDATA[N]]></is_subscribe>
<mch_id><![CDATA[1494792202]]></mch_id>
<nonce_str><![CDATA[2609]]></nonce_str>
<openid><![CDATA[odzWh0wNyLFUr9jUotdOWSGxFV2c]]></openid>
<out_trade_no><![CDATA[201806081759263793]]></out_trade_no>
<result_code><![CDATA[SUCCESS]]></result_code>
<return_code><![CDATA[SUCCESS]]></return_code>
<sign><![CDATA[D3C9594797B8B1D0800B406C5CB0BAF8]]></sign>
<time_end><![CDATA[20180608175935]]></time_end>
<total_fee>10</total_fee>
<trade_type><![CDATA[JSAPI]]></trade_type>
<transaction_id><![CDATA[4200000152201806081149877387]]></transaction_id>
</xml>

2018-06-08 17:59:36 {Paid SUCCESS.}

2018-06-08 19:30:36
-----------------------------
<xml><appid><![CDATA[wx2b8ec378bf9b09ac]]></appid>
<attach><![CDATA[1815850547]]></attach>
<bank_type><![CDATA[CFT]]></bank_type>
<cash_fee><![CDATA[10]]></cash_fee>
<fee_type><![CDATA[CNY]]></fee_type>
<is_subscribe><![CDATA[N]]></is_subscribe>
<mch_id><![CDATA[1494792202]]></mch_id>
<nonce_str><![CDATA[9522]]></nonce_str>
<openid><![CDATA[odzWh0wU8hrT0bLNeP0we8FZJD1k]]></openid>
<out_trade_no><![CDATA[201806081930267965]]></out_trade_no>
<result_code><![CDATA[SUCCESS]]></result_code>
<return_code><![CDATA[SUCCESS]]></return_code>
<sign><![CDATA[43F21F4BBA6295623DF39D72F373BA63]]></sign>
<time_end><![CDATA[20180608193034]]></time_end>
<total_fee>10</total_fee>
<trade_type><![CDATA[JSAPI]]></trade_type>
<transaction_id><![CDATA[4200000150201806082599569070]]></transaction_id>
</xml>

2018-06-08 19:30:36 {Paid SUCCESS.}

2018-06-08 21:57:06
-----------------------------
<xml><appid><![CDATA[wx2b8ec378bf9b09ac]]></appid>
<attach><![CDATA[1815849271]]></attach>
<bank_type><![CDATA[CFT]]></bank_type>
<cash_fee><![CDATA[1990]]></cash_fee>
<fee_type><![CDATA[CNY]]></fee_type>
<is_subscribe><![CDATA[N]]></is_subscribe>
<mch_id><![CDATA[1494792202]]></mch_id>
<nonce_str><![CDATA[4155]]></nonce_str>
<openid><![CDATA[odzWh00Ed-TsPSZ9m-QcUT8zifMo]]></openid>
<out_trade_no><![CDATA[201806082156582167]]></out_trade_no>
<result_code><![CDATA[SUCCESS]]></result_code>
<return_code><![CDATA[SUCCESS]]></return_code>
<sign><![CDATA[052BDB9A346ADF36994F7024B2280070]]></sign>
<time_end><![CDATA[20180608215705]]></time_end>
<total_fee>1990</total_fee>
<trade_type><![CDATA[JSAPI]]></trade_type>
<transaction_id><![CDATA[4200000147201806087860648470]]></transaction_id>
</xml>

2018-06-08 21:57:06 {Paid SUCCESS.}

2018-06-08 22:36:06
-----------------------------
<xml><appid><![CDATA[wx2b8ec378bf9b09ac]]></appid>
<attach><![CDATA[1815893102]]></attach>
<bank_type><![CDATA[ABC_DEBIT]]></bank_type>
<cash_fee><![CDATA[10]]></cash_fee>
<fee_type><![CDATA[CNY]]></fee_type>
<is_subscribe><![CDATA[N]]></is_subscribe>
<mch_id><![CDATA[1494792202]]></mch_id>
<nonce_str><![CDATA[9903]]></nonce_str>
<openid><![CDATA[odzWh05AJ8PYhH_cNnHvbKk7lHdM]]></openid>
<out_trade_no><![CDATA[201806082235579307]]></out_trade_no>
<result_code><![CDATA[SUCCESS]]></result_code>
<return_code><![CDATA[SUCCESS]]></return_code>
<sign><![CDATA[0315E0D8BD1B1B379929AA3E909A1D8B]]></sign>
<time_end><![CDATA[20180608223605]]></time_end>
<total_fee>10</total_fee>
<trade_type><![CDATA[JSAPI]]></trade_type>
<transaction_id><![CDATA[4200000150201806086916609800]]></transaction_id>
</xml>

2018-06-08 22:36:06 {Paid SUCCESS.}

2018-06-08 22:48:31
-----------------------------
<xml><appid><![CDATA[wx2b8ec378bf9b09ac]]></appid>
<attach><![CDATA[1815828932]]></attach>
<bank_type><![CDATA[CFT]]></bank_type>
<cash_fee><![CDATA[10]]></cash_fee>
<fee_type><![CDATA[CNY]]></fee_type>
<is_subscribe><![CDATA[N]]></is_subscribe>
<mch_id><![CDATA[1494792202]]></mch_id>
<nonce_str><![CDATA[5926]]></nonce_str>
<openid><![CDATA[odzWh0z40L2m_PFwwl4guslq1zq8]]></openid>
<out_trade_no><![CDATA[201806082248228568]]></out_trade_no>
<result_code><![CDATA[SUCCESS]]></result_code>
<return_code><![CDATA[SUCCESS]]></return_code>
<sign><![CDATA[06B5A6BEEA421CE86644778E58881E0F]]></sign>
<time_end><![CDATA[20180608224830]]></time_end>
<total_fee>10</total_fee>
<trade_type><![CDATA[JSAPI]]></trade_type>
<transaction_id><![CDATA[4200000155201806081491974894]]></transaction_id>
</xml>

2018-06-08 22:48:31 {Paid SUCCESS.}

2018-06-08 23:31:31
-----------------------------
<xml><appid><![CDATA[wx2b8ec378bf9b09ac]]></appid>
<attach><![CDATA[1815885721]]></attach>
<bank_type><![CDATA[CFT]]></bank_type>
<cash_fee><![CDATA[10]]></cash_fee>
<fee_type><![CDATA[CNY]]></fee_type>
<is_subscribe><![CDATA[N]]></is_subscribe>
<mch_id><![CDATA[1494792202]]></mch_id>
<nonce_str><![CDATA[198]]></nonce_str>
<openid><![CDATA[odzWh0yoe7Q7RHKMXaXOENC5CnE0]]></openid>
<out_trade_no><![CDATA[201806082331136354]]></out_trade_no>
<result_code><![CDATA[SUCCESS]]></result_code>
<return_code><![CDATA[SUCCESS]]></return_code>
<sign><![CDATA[908E330C9A7A905A38CE8E5A5FCBEDE9]]></sign>
<time_end><![CDATA[20180608233130]]></time_end>
<total_fee>10</total_fee>
<trade_type><![CDATA[JSAPI]]></trade_type>
<transaction_id><![CDATA[4200000143201806085301461030]]></transaction_id>
</xml>

2018-06-08 23:31:31 {Paid SUCCESS.}

